#
# There is insufficient memory for the Java Runtime Environment to continue.
# Native memory allocation (mmap) failed to map 65536 bytes for Failed to commit metaspace.
# Possible reasons:
#   The system is out of physical RAM or swap space
#   The process is running with CompressedOops enabled, and the Java Heap may be blocking the growth of the native heap
# Possible solutions:
#   Reduce memory load on the system
#   Increase physical memory or swap space
#   Check if swap backing store is full
#   Decrease Java heap size (-Xmx/-Xms)
#   Decrease number of Java threads
#   Decrease Java thread stack sizes (-Xss)
#   Set larger code cache with -XX:ReservedCodeCacheSize=
#   JVM is running with Unscaled Compressed Oops mode in which the Java heap is
#     placed in the first 4GB address space. The Java Heap base address is the
#     maximum limit for the native heap growth. Please use -XX:HeapBaseMinAddress
#     to set the Java Heap base and to place the Java Heap above 4GB virtual address.
# This output file may be truncated or incomplete.
#
#  Out of Memory Error (virtualSpaceNode.cpp:112), pid=23828, tid=22424
#
# JRE version: Java(TM) SE Runtime Environment (21.0.1+12) (build 21.0.1+12-LTS-29)
# Java VM: Java HotSpot(TM) 64-Bit Server VM (21.0.1+12-LTS-29, mixed mode, sharing, tiered, compressed oops, compressed class ptrs, g1 gc, windows-amd64)
# No core dump will be written. Minidumps are not enabled by default on client versions of Windows
#

---------------  S U M M A R Y ------------

Command Line: -javaagent:C:\Program Files\JetBrains\IntelliJ IDEA Community Edition 2023.2.4\lib\idea_rt.jar=59034:C:\Program Files\JetBrains\IntelliJ IDEA Community Edition 2023.2.4\bin -Dfile.encoding=UTF-8 -Dsun.stdout.encoding=UTF-8 -Dsun.stderr.encoding=UTF-8 CarController

Host: AMD Ryzen 3 7320U with Radeon Graphics         , 8 cores, 7G,  Windows 11 , 64 bit Build 22621 (10.0.22621.2506)
Time: Sat Dec  9 14:00:43 2023 Västeuropa, normaltid elapsed time: 1.163888 seconds (0d 0h 0m 1s)

---------------  T H R E A D  ---------------

Current thread (0x000001a2a61ed840):  JavaThread "main"             [_thread_in_vm, id=22424, stack(0x0000000100600000,0x0000000100700000) (1024K)]

Stack: [0x0000000100600000,0x0000000100700000]
Native frames: (J=compiled Java code, j=interpreted, Vv=VM code, C=native code)
V  [jvm.dll+0x6c9029]
V  [jvm.dll+0x854b81]
V  [jvm.dll+0x856e5e]
V  [jvm.dll+0x857543]
V  [jvm.dll+0x280c06]
V  [jvm.dll+0x8508ae]
V  [jvm.dll+0x66ca45]
V  [jvm.dll+0x66caaa]
V  [jvm.dll+0x66f2a6]
V  [jvm.dll+0x66f172]
V  [jvm.dll+0x66d41e]
V  [jvm.dll+0x26b2df]
V  [jvm.dll+0x677615]
V  [jvm.dll+0x217a53]
V  [jvm.dll+0x217f95]
V  [jvm.dll+0x2189b1]
V  [jvm.dll+0x20dc4e]
V  [jvm.dll+0x5ac6dc]
V  [jvm.dll+0x21f67a]
V  [jvm.dll+0x7ccde1]
V  [jvm.dll+0x7cde45]
V  [jvm.dll+0x7ce3ef]
V  [jvm.dll+0x7ce098]
V  [jvm.dll+0x26ebdb]
V  [jvm.dll+0x3d36fe]
C  0x000001a2b5b9a7ff

The last pc belongs to new (printed below).
Java frames: (J=compiled Java code, j=interpreted, Vv=VM code)
j  java.util.concurrent.DelayQueue.<init>()V+16 java.base@21.0.1
j  javax.swing.TimerQueue.<init>()V+9 java.desktop@21.0.1
j  javax.swing.TimerQueue.sharedInstance()Ljavax/swing/TimerQueue;+24 java.desktop@21.0.1
j  javax.swing.Timer.timerQueue()Ljavax/swing/TimerQueue;+0 java.desktop@21.0.1
j  javax.swing.Timer.start()V+1 java.desktop@21.0.1
j  CarController.main([Ljava/lang/String;)V+71
v  ~StubRoutines::call_stub 0x000001a2b5b8100d
new  187 new  [0x000001a2b5b9a680, 0x000001a2b5b9a888]  520 bytes
[MachCode]
  0x000001a2b5b9a680: 4883 ec08 | c5fa 1104 | 24eb 1f48 | 83ec 10c5 | fb11 0424 | eb14 4883 | ec10 4889 | 0424 48c7 
  0x000001a2b5b9a6a0: 4424 0800 | 0000 00eb | 0150 410f | b755 010f | cac1 ea10 | 488b 4de8 | 488b 4908 | 488b 4908 
  0x000001a2b5b9a6c0: 488b 4108 | 807c 1004 | 070f 85d3 | 0000 0066 | 8b54 d148 | 488b 4928 | 488b 4cd1 | 0851 80b9 
  0x000001a2b5b9a6e0: 2001 0000 | 050f 85b6 | 0000 008b | 5108 f6c2 | 010f 85aa | 0000 0049 | 8b87 b801 | 0000 488d 
  0x000001a2b5b9a700: 1c10 493b | 9fc8 0100 | 000f 8792 | 0000 0049 | 899f b801 | 0000 4883 | ea10 0f84 | 0f00 0000 
  0x000001a2b5b9a720: 33c9 c1ea | 0348 894c | d008 48ff | ca75 f648 | c700 0100 | 0000 5933 | f689 700c | 49ba 0000 
  0x000001a2b5b9a740: 00c3 a201 | 0000 492b | ca89 4808 | 49ba ca25 | b917 f87f | 0000 4180 | 3a00 0f84 | 3c00 0000 
  0x000001a2b5b9a760: 5048 8bc8 | 4883 ec20 | 40f6 c40f | 0f84 1900 | 0000 4883 | ec08 48b8 | 70eb 6917 | f87f 0000 
  0x000001a2b5b9a780: ffd0 4883 | c408 e90c | 0000 0048 | b870 eb69 | 17f8 7f00 | 00ff d048 | 83c4 2058 | e9cb 0000 
  0x000001a2b5b9a7a0: 0059 488b | 55e8 488b | 5208 488b | 5208 450f | b745 0141 | 0fc8 41c1 | e810 e805 | 0000 00e9 
  0x000001a2b5b9a7c0: a800 0000 | 488d 4424 | 084c 896d | c049 8bcf | c5f8 7749 | 89af a803 | 0000 4989 | 8798 0300 
  0x000001a2b5b9a7e0: 0048 83ec | 2040 f6c4 | 0f0f 8419 | 0000 0048 | 83ec 0848 | b8b0 3634 | 17f8 7f00 | 00ff d048 
  0x000001a2b5b9a800: 83c4 08e9 | 0c00 0000 | 48b8 b036 | 3417 f87f | 0000 ffd0 | 4883 c420 | 49c7 8798 | 0300 0000 
  0x000001a2b5b9a820: 0000 0049 | c787 a803 | 0000 0000 | 0000 49c7 | 87a0 0300 | 0000 0000 | 00c5 f877 | 4983 7f08 
  0x000001a2b5b9a840: 000f 8405 | 0000 00e9 | b466 feff | 498b 87f0 | 0300 0049 | c787 f003 | 0000 0000 | 0000 4c8b 
  0x000001a2b5b9a860: 6dc0 4c8b | 75c8 4e8d | 74f5 00c3 | 410f b65d | 0349 83c5 | 0349 ba80 | dfbb 17f8 | 7f00 0041 
  0x000001a2b5b9a880: ff24 da0f | 1f44 0000 
[/MachCode]

---------------  P R O C E S S  ---------------

Threads class SMR info:
_java_thread_list=0x000001a30840d0a0, length=17, elements={
0x000001a2a61ed840, 0x000001a2c2819560, 0x000001a2c281dfd0, 0x000001a2c281ec90,
0x000001a2c281f820, 0x000001a2c2820280, 0x000001a2c2820ce0, 0x000001a2c2823a80,
0x000001a2c2826270, 0x000001a2c2a72cd0, 0x000001a2c2bf0a40, 0x000001a2c2c2baf0,
0x000001a2c2cc4c70, 0x000001a2c2cca3d0, 0x000001a2c2cd2db0, 0x000001a3083dccb0,
0x000001a3084c1190
}

Java Threads: ( => current thread )
=>0x000001a2a61ed840 JavaThread "main"                              [_thread_in_vm, id=22424, stack(0x0000000100600000,0x0000000100700000) (1024K)]
  0x000001a2c2819560 JavaThread "Reference Handler"          daemon [_thread_blocked, id=22272, stack(0x0000000100e00000,0x0000000100f00000) (1024K)]
  0x000001a2c281dfd0 JavaThread "Finalizer"                  daemon [_thread_blocked, id=23328, stack(0x0000000100f00000,0x0000000101000000) (1024K)]
  0x000001a2c281ec90 JavaThread "Signal Dispatcher"          daemon [_thread_blocked, id=10944, stack(0x0000000101000000,0x0000000101100000) (1024K)]
  0x000001a2c281f820 JavaThread "Attach Listener"            daemon [_thread_blocked, id=23092, stack(0x0000000101100000,0x0000000101200000) (1024K)]
  0x000001a2c2820280 JavaThread "Service Thread"             daemon [_thread_blocked, id=23668, stack(0x0000000101200000,0x0000000101300000) (1024K)]
  0x000001a2c2820ce0 JavaThread "Monitor Deflation Thread"   daemon [_thread_blocked, id=16840, stack(0x0000000101300000,0x0000000101400000) (1024K)]
  0x000001a2c2823a80 JavaThread "C2 CompilerThread0"         daemon [_thread_blocked, id=23308, stack(0x0000000101400000,0x0000000101500000) (1024K)]
  0x000001a2c2826270 JavaThread "C1 CompilerThread0"         daemon [_thread_blocked, id=9504, stack(0x0000000101500000,0x0000000101600000) (1024K)]
  0x000001a2c2a72cd0 JavaThread "Common-Cleaner"             daemon [_thread_blocked, id=5980, stack(0x0000000101600000,0x0000000101700000) (1024K)]
  0x000001a2c2bf0a40 JavaThread "Monitor Ctrl-Break"         daemon [_thread_in_native, id=9312, stack(0x0000000101700000,0x0000000101800000) (1024K)]
  0x000001a2c2c2baf0 JavaThread "Notification Thread"        daemon [_thread_blocked, id=11716, stack(0x0000000101800000,0x0000000101900000) (1024K)]
  0x000001a2c2cc4c70 JavaThread "Java2D Disposer"            daemon [_thread_blocked, id=18440, stack(0x0000000101900000,0x0000000101a00000) (1024K)]
  0x000001a2c2cca3d0 JavaThread "AWT-Shutdown"                      [_thread_blocked, id=6800, stack(0x0000000101a00000,0x0000000101b00000) (1024K)]
  0x000001a2c2cd2db0 JavaThread "AWT-Windows"                daemon [_thread_in_native, id=5056, stack(0x0000000101b00000,0x0000000101c00000) (1024K)]
  0x000001a3083dccb0 JavaThread "AWT-EventQueue-0"                  [_thread_in_vm, id=7720, stack(0x0000000101c00000,0x0000000101d00000) (1024K)]
  0x000001a3084c1190 JavaThread "C2 CompilerThread1"         daemon [_thread_blocked, id=11304, stack(0x0000000102000000,0x0000000102100000) (1024K)]
Total: 17

Other Threads:
  0x000001a2c27fdc50 VMThread "VM Thread"                           [id=22268, stack(0x0000000100d00000,0x0000000100e00000) (1024K)]
  0x000001a2c27e3500 WatcherThread "VM Periodic Task Thread"        [id=11784, stack(0x0000000100c00000,0x0000000100d00000) (1024K)]
  0x000001a2a623fbd0 WorkerThread "GC Thread#0"                     [id=3480, stack(0x0000000100700000,0x0000000100800000) (1024K)]
  0x000001a2a624fcc0 ConcurrentGCThread "G1 Main Marker"            [id=5716, stack(0x0000000100800000,0x0000000100900000) (1024K)]
  0x000001a2a6250970 WorkerThread "G1 Conc#0"                       [id=17304, stack(0x0000000100900000,0x0000000100a00000) (1024K)]
  0x000001a2a62be080 ConcurrentGCThread "G1 Refine#0"               [id=1116, stack(0x0000000100a00000,0x0000000100b00000) (1024K)]
  0x000001a2c26b74e0 ConcurrentGCThread "G1 Service"                [id=21768, stack(0x0000000100b00000,0x0000000100c00000) (1024K)]
Total: 7

Threads with active compile tasks:
Total: 0

VM state: not at safepoint (normal execution)

VM Mutex/Monitor currently owned by a thread:  ([mutex/lock_event])
[0x00007ff817ba8578] Metaspace_lock - owner thread: 0x000001a2a61ed840

Heap address: 0x000000008b800000, size: 1864 MB, Compressed Oops mode: 32-bit

CDS archive(s) mapped at: [0x000001a2c3000000-0x000001a2c3c90000-0x000001a2c3c90000), size 13172736, SharedBaseAddress: 0x000001a2c3000000, ArchiveRelocationMode: 1.
Compressed class space mapped at: 0x000001a2c4000000-0x000001a304000000, reserved size: 1073741824
Narrow klass base: 0x000001a2c3000000, Narrow klass shift: 0, Narrow klass range: 0x100000000

GC Precious Log:
 CardTable entry size: 512
 Card Set container configuration: InlinePtr #cards 5 size 8 Array Of Cards #cards 12 size 40 Howl #buckets 4 coarsen threshold 1843 Howl Bitmap #cards 512 size 80 coarsen threshold 460 Card regions per heap region 1 cards per card region 2048
 CPUs: 8 total, 8 available
 Memory: 7455M
 Large Page Support: Disabled
 NUMA Support: Disabled
 Compressed Oops: Enabled (32-bit)
 Heap Region Size: 1M
 Heap Min Capacity: 8M
 Heap Initial Capacity: 118M
 Heap Max Capacity: 1864M
 Pre-touch: Disabled
 Parallel Workers: 8
 Concurrent Workers: 2
 Concurrent Refinement Workers: 8
 Periodic GC: Disabled

Heap:
 garbage-first heap   total 120832K, used 11264K [0x000000008b800000, 0x0000000100000000)
  region size 1024K, 12 young (12288K), 0 survivors (0K)
 Metaspace       used 9821K, committed 10048K, reserved 1114112K
  class space    used 1094K, committed 1216K, reserved 1048576K

Heap Regions: E=young(eden), S=young(survivor), O=old, HS=humongous(starts), HC=humongous(continues), CS=collection set, F=free, TAMS=top-at-mark-start, PB=parsable bottom
|   0|0x000000008b800000, 0x000000008b800000, 0x000000008b900000|  0%| F|  |TAMS 0x000000008b800000| PB 0x000000008b800000| Untracked 
|   1|0x000000008b900000, 0x000000008b900000, 0x000000008ba00000|  0%| F|  |TAMS 0x000000008b900000| PB 0x000000008b900000| Untracked 
|   2|0x000000008ba00000, 0x000000008ba00000, 0x000000008bb00000|  0%| F|  |TAMS 0x000000008ba00000| PB 0x000000008ba00000| Untracked 
|   3|0x000000008bb00000, 0x000000008bb00000, 0x000000008bc00000|  0%| F|  |TAMS 0x000000008bb00000| PB 0x000000008bb00000| Untracked 
|   4|0x000000008bc00000, 0x000000008bc00000, 0x000000008bd00000|  0%| F|  |TAMS 0x000000008bc00000| PB 0x000000008bc00000| Untracked 
|   5|0x000000008bd00000, 0x000000008bd00000, 0x000000008be00000|  0%| F|  |TAMS 0x000000008bd00000| PB 0x000000008bd00000| Untracked 
|   6|0x000000008be00000, 0x000000008be00000, 0x000000008bf00000|  0%| F|  |TAMS 0x000000008be00000| PB 0x000000008be00000| Untracked 
|   7|0x000000008bf00000, 0x000000008bf00000, 0x000000008c000000|  0%| F|  |TAMS 0x000000008bf00000| PB 0x000000008bf00000| Untracked 
|   8|0x000000008c000000, 0x000000008c000000, 0x000000008c100000|  0%| F|  |TAMS 0x000000008c000000| PB 0x000000008c000000| Untracked 
|   9|0x000000008c100000, 0x000000008c100000, 0x000000008c200000|  0%| F|  |TAMS 0x000000008c100000| PB 0x000000008c100000| Untracked 
|  10|0x000000008c200000, 0x000000008c200000, 0x000000008c300000|  0%| F|  |TAMS 0x000000008c200000| PB 0x000000008c200000| Untracked 
|  11|0x000000008c300000, 0x000000008c300000, 0x000000008c400000|  0%| F|  |TAMS 0x000000008c300000| PB 0x000000008c300000| Untracked 
|  12|0x000000008c400000, 0x000000008c400000, 0x000000008c500000|  0%| F|  |TAMS 0x000000008c400000| PB 0x000000008c400000| Untracked 
|  13|0x000000008c500000, 0x000000008c500000, 0x000000008c600000|  0%| F|  |TAMS 0x000000008c500000| PB 0x000000008c500000| Untracked 
|  14|0x000000008c600000, 0x000000008c600000, 0x000000008c700000|  0%| F|  |TAMS 0x000000008c600000| PB 0x000000008c600000| Untracked 
|  15|0x000000008c700000, 0x000000008c700000, 0x000000008c800000|  0%| F|  |TAMS 0x000000008c700000| PB 0x000000008c700000| Untracked 
|  16|0x000000008c800000, 0x000000008c800000, 0x000000008c900000|  0%| F|  |TAMS 0x000000008c800000| PB 0x000000008c800000| Untracked 
|  17|0x000000008c900000, 0x000000008c900000, 0x000000008ca00000|  0%| F|  |TAMS 0x000000008c900000| PB 0x000000008c900000| Untracked 
|  18|0x000000008ca00000, 0x000000008ca00000, 0x000000008cb00000|  0%| F|  |TAMS 0x000000008ca00000| PB 0x000000008ca00000| Untracked 
|  19|0x000000008cb00000, 0x000000008cb00000, 0x000000008cc00000|  0%| F|  |TAMS 0x000000008cb00000| PB 0x000000008cb00000| Untracked 
|  20|0x000000008cc00000, 0x000000008cc00000, 0x000000008cd00000|  0%| F|  |TAMS 0x000000008cc00000| PB 0x000000008cc00000| Untracked 
|  21|0x000000008cd00000, 0x000000008cd00000, 0x000000008ce00000|  0%| F|  |TAMS 0x000000008cd00000| PB 0x000000008cd00000| Untracked 
|  22|0x000000008ce00000, 0x000000008ce00000, 0x000000008cf00000|  0%| F|  |TAMS 0x000000008ce00000| PB 0x000000008ce00000| Untracked 
|  23|0x000000008cf00000, 0x000000008cf00000, 0x000000008d000000|  0%| F|  |TAMS 0x000000008cf00000| PB 0x000000008cf00000| Untracked 
|  24|0x000000008d000000, 0x000000008d000000, 0x000000008d100000|  0%| F|  |TAMS 0x000000008d000000| PB 0x000000008d000000| Untracked 
|  25|0x000000008d100000, 0x000000008d100000, 0x000000008d200000|  0%| F|  |TAMS 0x000000008d100000| PB 0x000000008d100000| Untracked 
|  26|0x000000008d200000, 0x000000008d200000, 0x000000008d300000|  0%| F|  |TAMS 0x000000008d200000| PB 0x000000008d200000| Untracked 
|  27|0x000000008d300000, 0x000000008d300000, 0x000000008d400000|  0%| F|  |TAMS 0x000000008d300000| PB 0x000000008d300000| Untracked 
|  28|0x000000008d400000, 0x000000008d400000, 0x000000008d500000|  0%| F|  |TAMS 0x000000008d400000| PB 0x000000008d400000| Untracked 
|  29|0x000000008d500000, 0x000000008d500000, 0x000000008d600000|  0%| F|  |TAMS 0x000000008d500000| PB 0x000000008d500000| Untracked 
|  30|0x000000008d600000, 0x000000008d600000, 0x000000008d700000|  0%| F|  |TAMS 0x000000008d600000| PB 0x000000008d600000| Untracked 
|  31|0x000000008d700000, 0x000000008d700000, 0x000000008d800000|  0%| F|  |TAMS 0x000000008d700000| PB 0x000000008d700000| Untracked 
|  32|0x000000008d800000, 0x000000008d800000, 0x000000008d900000|  0%| F|  |TAMS 0x000000008d800000| PB 0x000000008d800000| Untracked 
|  33|0x000000008d900000, 0x000000008d900000, 0x000000008da00000|  0%| F|  |TAMS 0x000000008d900000| PB 0x000000008d900000| Untracked 
|  34|0x000000008da00000, 0x000000008da00000, 0x000000008db00000|  0%| F|  |TAMS 0x000000008da00000| PB 0x000000008da00000| Untracked 
|  35|0x000000008db00000, 0x000000008db00000, 0x000000008dc00000|  0%| F|  |TAMS 0x000000008db00000| PB 0x000000008db00000| Untracked 
|  36|0x000000008dc00000, 0x000000008dc00000, 0x000000008dd00000|  0%| F|  |TAMS 0x000000008dc00000| PB 0x000000008dc00000| Untracked 
|  37|0x000000008dd00000, 0x000000008dd00000, 0x000000008de00000|  0%| F|  |TAMS 0x000000008dd00000| PB 0x000000008dd00000| Untracked 
|  38|0x000000008de00000, 0x000000008de00000, 0x000000008df00000|  0%| F|  |TAMS 0x000000008de00000| PB 0x000000008de00000| Untracked 
|  39|0x000000008df00000, 0x000000008df00000, 0x000000008e000000|  0%| F|  |TAMS 0x000000008df00000| PB 0x000000008df00000| Untracked 
|  40|0x000000008e000000, 0x000000008e000000, 0x000000008e100000|  0%| F|  |TAMS 0x000000008e000000| PB 0x000000008e000000| Untracked 
|  41|0x000000008e100000, 0x000000008e100000, 0x000000008e200000|  0%| F|  |TAMS 0x000000008e100000| PB 0x000000008e100000| Untracked 
|  42|0x000000008e200000, 0x000000008e200000, 0x000000008e300000|  0%| F|  |TAMS 0x000000008e200000| PB 0x000000008e200000| Untracked 
|  43|0x000000008e300000, 0x000000008e300000, 0x000000008e400000|  0%| F|  |TAMS 0x000000008e300000| PB 0x000000008e300000| Untracked 
|  44|0x000000008e400000, 0x000000008e400000, 0x000000008e500000|  0%| F|  |TAMS 0x000000008e400000| PB 0x000000008e400000| Untracked 
|  45|0x000000008e500000, 0x000000008e500000, 0x000000008e600000|  0%| F|  |TAMS 0x000000008e500000| PB 0x000000008e500000| Untracked 
|  46|0x000000008e600000, 0x000000008e600000, 0x000000008e700000|  0%| F|  |TAMS 0x000000008e600000| PB 0x000000008e600000| Untracked 
|  47|0x000000008e700000, 0x000000008e700000, 0x000000008e800000|  0%| F|  |TAMS 0x000000008e700000| PB 0x000000008e700000| Untracked 
|  48|0x000000008e800000, 0x000000008e800000, 0x000000008e900000|  0%| F|  |TAMS 0x000000008e800000| PB 0x000000008e800000| Untracked 
|  49|0x000000008e900000, 0x000000008e900000, 0x000000008ea00000|  0%| F|  |TAMS 0x000000008e900000| PB 0x000000008e900000| Untracked 
|  50|0x000000008ea00000, 0x000000008ea00000, 0x000000008eb00000|  0%| F|  |TAMS 0x000000008ea00000| PB 0x000000008ea00000| Untracked 
|  51|0x000000008eb00000, 0x000000008eb00000, 0x000000008ec00000|  0%| F|  |TAMS 0x000000008eb00000| PB 0x000000008eb00000| Untracked 
|  52|0x000000008ec00000, 0x000000008ec00000, 0x000000008ed00000|  0%| F|  |TAMS 0x000000008ec00000| PB 0x000000008ec00000| Untracked 
|  53|0x000000008ed00000, 0x000000008ed00000, 0x000000008ee00000|  0%| F|  |TAMS 0x000000008ed00000| PB 0x000000008ed00000| Untracked 
|  54|0x000000008ee00000, 0x000000008ee00000, 0x000000008ef00000|  0%| F|  |TAMS 0x000000008ee00000| PB 0x000000008ee00000| Untracked 
|  55|0x000000008ef00000, 0x000000008ef00000, 0x000000008f000000|  0%| F|  |TAMS 0x000000008ef00000| PB 0x000000008ef00000| Untracked 
|  56|0x000000008f000000, 0x000000008f000000, 0x000000008f100000|  0%| F|  |TAMS 0x000000008f000000| PB 0x000000008f000000| Untracked 
|  57|0x000000008f100000, 0x000000008f100000, 0x000000008f200000|  0%| F|  |TAMS 0x000000008f100000| PB 0x000000008f100000| Untracked 
|  58|0x000000008f200000, 0x000000008f200000, 0x000000008f300000|  0%| F|  |TAMS 0x000000008f200000| PB 0x000000008f200000| Untracked 
|  59|0x000000008f300000, 0x000000008f300000, 0x000000008f400000|  0%| F|  |TAMS 0x000000008f300000| PB 0x000000008f300000| Untracked 
|  60|0x000000008f400000, 0x000000008f400000, 0x000000008f500000|  0%| F|  |TAMS 0x000000008f400000| PB 0x000000008f400000| Untracked 
|  61|0x000000008f500000, 0x000000008f500000, 0x000000008f600000|  0%| F|  |TAMS 0x000000008f500000| PB 0x000000008f500000| Untracked 
|  62|0x000000008f600000, 0x000000008f600000, 0x000000008f700000|  0%| F|  |TAMS 0x000000008f600000| PB 0x000000008f600000| Untracked 
|  63|0x000000008f700000, 0x000000008f700000, 0x000000008f800000|  0%| F|  |TAMS 0x000000008f700000| PB 0x000000008f700000| Untracked 
|  64|0x000000008f800000, 0x000000008f800000, 0x000000008f900000|  0%| F|  |TAMS 0x000000008f800000| PB 0x000000008f800000| Untracked 
|  65|0x000000008f900000, 0x000000008f900000, 0x000000008fa00000|  0%| F|  |TAMS 0x000000008f900000| PB 0x000000008f900000| Untracked 
|  66|0x000000008fa00000, 0x000000008fa00000, 0x000000008fb00000|  0%| F|  |TAMS 0x000000008fa00000| PB 0x000000008fa00000| Untracked 
|  67|0x000000008fb00000, 0x000000008fb00000, 0x000000008fc00000|  0%| F|  |TAMS 0x000000008fb00000| PB 0x000000008fb00000| Untracked 
|  68|0x000000008fc00000, 0x000000008fc00000, 0x000000008fd00000|  0%| F|  |TAMS 0x000000008fc00000| PB 0x000000008fc00000| Untracked 
|  69|0x000000008fd00000, 0x000000008fd00000, 0x000000008fe00000|  0%| F|  |TAMS 0x000000008fd00000| PB 0x000000008fd00000| Untracked 
|  70|0x000000008fe00000, 0x000000008fe00000, 0x000000008ff00000|  0%| F|  |TAMS 0x000000008fe00000| PB 0x000000008fe00000| Untracked 
|  71|0x000000008ff00000, 0x000000008ff00000, 0x0000000090000000|  0%| F|  |TAMS 0x000000008ff00000| PB 0x000000008ff00000| Untracked 
|  72|0x0000000090000000, 0x0000000090000000, 0x0000000090100000|  0%| F|  |TAMS 0x0000000090000000| PB 0x0000000090000000| Untracked 
|  73|0x0000000090100000, 0x0000000090100000, 0x0000000090200000|  0%| F|  |TAMS 0x0000000090100000| PB 0x0000000090100000| Untracked 
|  74|0x0000000090200000, 0x0000000090200000, 0x0000000090300000|  0%| F|  |TAMS 0x0000000090200000| PB 0x0000000090200000| Untracked 
|  75|0x0000000090300000, 0x0000000090300000, 0x0000000090400000|  0%| F|  |TAMS 0x0000000090300000| PB 0x0000000090300000| Untracked 
|  76|0x0000000090400000, 0x0000000090400000, 0x0000000090500000|  0%| F|  |TAMS 0x0000000090400000| PB 0x0000000090400000| Untracked 
|  77|0x0000000090500000, 0x0000000090500000, 0x0000000090600000|  0%| F|  |TAMS 0x0000000090500000| PB 0x0000000090500000| Untracked 
|  78|0x0000000090600000, 0x0000000090600000, 0x0000000090700000|  0%| F|  |TAMS 0x0000000090600000| PB 0x0000000090600000| Untracked 
|  79|0x0000000090700000, 0x0000000090700000, 0x0000000090800000|  0%| F|  |TAMS 0x0000000090700000| PB 0x0000000090700000| Untracked 
|  80|0x0000000090800000, 0x0000000090800000, 0x0000000090900000|  0%| F|  |TAMS 0x0000000090800000| PB 0x0000000090800000| Untracked 
|  81|0x0000000090900000, 0x0000000090900000, 0x0000000090a00000|  0%| F|  |TAMS 0x0000000090900000| PB 0x0000000090900000| Untracked 
|  82|0x0000000090a00000, 0x0000000090a00000, 0x0000000090b00000|  0%| F|  |TAMS 0x0000000090a00000| PB 0x0000000090a00000| Untracked 
|  83|0x0000000090b00000, 0x0000000090b00000, 0x0000000090c00000|  0%| F|  |TAMS 0x0000000090b00000| PB 0x0000000090b00000| Untracked 
|  84|0x0000000090c00000, 0x0000000090c00000, 0x0000000090d00000|  0%| F|  |TAMS 0x0000000090c00000| PB 0x0000000090c00000| Untracked 
|  85|0x0000000090d00000, 0x0000000090d00000, 0x0000000090e00000|  0%| F|  |TAMS 0x0000000090d00000| PB 0x0000000090d00000| Untracked 
|  86|0x0000000090e00000, 0x0000000090e00000, 0x0000000090f00000|  0%| F|  |TAMS 0x0000000090e00000| PB 0x0000000090e00000| Untracked 
|  87|0x0000000090f00000, 0x0000000090f00000, 0x0000000091000000|  0%| F|  |TAMS 0x0000000090f00000| PB 0x0000000090f00000| Untracked 
|  88|0x0000000091000000, 0x0000000091000000, 0x0000000091100000|  0%| F|  |TAMS 0x0000000091000000| PB 0x0000000091000000| Untracked 
|  89|0x0000000091100000, 0x0000000091100000, 0x0000000091200000|  0%| F|  |TAMS 0x0000000091100000| PB 0x0000000091100000| Untracked 
|  90|0x0000000091200000, 0x0000000091200000, 0x0000000091300000|  0%| F|  |TAMS 0x0000000091200000| PB 0x0000000091200000| Untracked 
|  91|0x0000000091300000, 0x0000000091300000, 0x0000000091400000|  0%| F|  |TAMS 0x0000000091300000| PB 0x0000000091300000| Untracked 
|  92|0x0000000091400000, 0x0000000091400000, 0x0000000091500000|  0%| F|  |TAMS 0x0000000091400000| PB 0x0000000091400000| Untracked 
|  93|0x0000000091500000, 0x0000000091500000, 0x0000000091600000|  0%| F|  |TAMS 0x0000000091500000| PB 0x0000000091500000| Untracked 
|  94|0x0000000091600000, 0x0000000091600000, 0x0000000091700000|  0%| F|  |TAMS 0x0000000091600000| PB 0x0000000091600000| Untracked 
|  95|0x0000000091700000, 0x0000000091700000, 0x0000000091800000|  0%| F|  |TAMS 0x0000000091700000| PB 0x0000000091700000| Untracked 
|  96|0x0000000091800000, 0x0000000091800000, 0x0000000091900000|  0%| F|  |TAMS 0x0000000091800000| PB 0x0000000091800000| Untracked 
|  97|0x0000000091900000, 0x0000000091900000, 0x0000000091a00000|  0%| F|  |TAMS 0x0000000091900000| PB 0x0000000091900000| Untracked 
|  98|0x0000000091a00000, 0x0000000091a00000, 0x0000000091b00000|  0%| F|  |TAMS 0x0000000091a00000| PB 0x0000000091a00000| Untracked 
|  99|0x0000000091b00000, 0x0000000091b00000, 0x0000000091c00000|  0%| F|  |TAMS 0x0000000091b00000| PB 0x0000000091b00000| Untracked 
| 100|0x0000000091c00000, 0x0000000091c00000, 0x0000000091d00000|  0%| F|  |TAMS 0x0000000091c00000| PB 0x0000000091c00000| Untracked 
| 101|0x0000000091d00000, 0x0000000091d00000, 0x0000000091e00000|  0%| F|  |TAMS 0x0000000091d00000| PB 0x0000000091d00000| Untracked 
| 102|0x0000000091e00000, 0x0000000091e00000, 0x0000000091f00000|  0%| F|  |TAMS 0x0000000091e00000| PB 0x0000000091e00000| Untracked 
| 103|0x0000000091f00000, 0x0000000091f00000, 0x0000000092000000|  0%| F|  |TAMS 0x0000000091f00000| PB 0x0000000091f00000| Untracked 
| 104|0x0000000092000000, 0x0000000092000000, 0x0000000092100000|  0%| F|  |TAMS 0x0000000092000000| PB 0x0000000092000000| Untracked 
| 105|0x0000000092100000, 0x0000000092100000, 0x0000000092200000|  0%| F|  |TAMS 0x0000000092100000| PB 0x0000000092100000| Untracked 
| 106|0x0000000092200000, 0x00000000922765e8, 0x0000000092300000| 46%| E|  |TAMS 0x0000000092200000| PB 0x0000000092200000| Complete 
| 107|0x0000000092300000, 0x0000000092400000, 0x0000000092400000|100%| E|CS|TAMS 0x0000000092300000| PB 0x0000000092300000| Complete 
| 108|0x0000000092400000, 0x0000000092500000, 0x0000000092500000|100%| E|CS|TAMS 0x0000000092400000| PB 0x0000000092400000| Complete 
| 109|0x0000000092500000, 0x0000000092600000, 0x0000000092600000|100%| E|CS|TAMS 0x0000000092500000| PB 0x0000000092500000| Complete 
| 110|0x0000000092600000, 0x0000000092700000, 0x0000000092700000|100%| E|CS|TAMS 0x0000000092600000| PB 0x0000000092600000| Complete 
| 111|0x0000000092700000, 0x0000000092800000, 0x0000000092800000|100%| E|CS|TAMS 0x0000000092700000| PB 0x0000000092700000| Complete 
| 112|0x0000000092800000, 0x0000000092900000, 0x0000000092900000|100%| E|CS|TAMS 0x0000000092800000| PB 0x0000000092800000| Complete 
| 113|0x0000000092900000, 0x0000000092a00000, 0x0000000092a00000|100%| E|CS|TAMS 0x0000000092900000| PB 0x0000000092900000| Complete 
| 114|0x0000000092a00000, 0x0000000092b00000, 0x0000000092b00000|100%| E|CS|TAMS 0x0000000092a00000| PB 0x0000000092a00000| Complete 
| 115|0x0000000092b00000, 0x0000000092c00000, 0x0000000092c00000|100%| E|CS|TAMS 0x0000000092b00000| PB 0x0000000092b00000| Complete 
| 116|0x0000000092c00000, 0x0000000092d00000, 0x0000000092d00000|100%| E|CS|TAMS 0x0000000092c00000| PB 0x0000000092c00000| Complete 
| 117|0x0000000092d00000, 0x0000000092e00000, 0x0000000092e00000|100%| E|CS|TAMS 0x0000000092d00000| PB 0x0000000092d00000| Complete 

Card table byte_map: [0x000001a2bdd30000,0x000001a2be0e0000] _byte_map_base: 0x000001a2bd8d4000

Marking Bits: (CMBitMap*) 0x000001a2a62402d0
 Bits: [0x000001a2be0e0000, 0x000001a2bfe00000)

Polling page: 0x000001a2a4160000

Metaspace:

Usage:
  Non-class:      8.52 MB used.
      Class:      1.07 MB used.
       Both:      9.59 MB used.

Virtual space:
  Non-class space:       64.00 MB reserved,       8.62 MB ( 13%) committed,  1 nodes.
      Class space:        1.00 GB reserved,       1.19 MB ( <1%) committed,  1 nodes.
             Both:        1.06 GB reserved,       9.81 MB ( <1%) committed. 

Chunk freelists:
   Non-Class:  6.98 MB
       Class:  14.74 MB
        Both:  21.72 MB

MaxMetaspaceSize: unlimited
CompressedClassSpaceSize: 1.00 GB
Initial GC threshold: 21.00 MB
Current GC threshold: 21.00 MB
CDS: on
 - commit_granule_bytes: 65536.
 - commit_granule_words: 8192.
 - virtual_space_node_default_size: 8388608.
 - enlarge_chunks_in_place: 1.
 - use_allocation_guard: 0.


Internal statistics:

num_allocs_failed_limit: 0.
num_arena_births: 170.
num_arena_deaths: 0.
num_vsnodes_births: 2.
num_vsnodes_deaths: 0.
num_space_committed: 157.
num_space_uncommitted: 0.
num_chunks_returned_to_freelist: 0.
num_chunks_taken_from_freelist: 235.
num_chunk_merges: 0.
num_chunk_splits: 134.
num_chunks_enlarged: 56.
num_inconsistent_stats: 0.

CodeHeap 'non-profiled nmethods': size=120000Kb used=323Kb max_used=323Kb free=119676Kb
 bounds [0x000001a2b6120000, 0x000001a2b6390000, 0x000001a2bd650000]
CodeHeap 'profiled nmethods': size=120000Kb used=1661Kb max_used=1661Kb free=118338Kb
 bounds [0x000001a2ae650000, 0x000001a2ae8c0000, 0x000001a2b5b80000]
CodeHeap 'non-nmethods': size=5760Kb used=1581Kb max_used=1609Kb free=4178Kb
 bounds [0x000001a2b5b80000, 0x000001a2b5df0000, 0x000001a2b6120000]
 total_blobs=1715 nmethods=1071 adapters=549
 compilation: enabled
              stopped_count=0, restarted_count=0
 full_count=0

Compilation events (20 events):
Event: 1.140 Thread 0x000001a2c2826270 1062       3       java.util.Locale::hasExtensions (13 bytes)
Event: 1.141 Thread 0x000001a2c2826270 nmethod 1062 0x000001a2ae7ec310 code [0x000001a2ae7ec4a0, 0x000001a2ae7ec610]
Event: 1.155 Thread 0x000001a2c2826270 1063       1       java.util.concurrent.ConcurrentHashMap$MapEntry::getKey (5 bytes)
Event: 1.155 Thread 0x000001a2c2826270 nmethod 1063 0x000001a2b6170710 code [0x000001a2b61708a0, 0x000001a2b6170968]
Event: 1.155 Thread 0x000001a2c2826270 1064       1       java.util.concurrent.ConcurrentHashMap$MapEntry::getValue (5 bytes)
Event: 1.155 Thread 0x000001a2c2826270 nmethod 1064 0x000001a2b6170a10 code [0x000001a2b6170ba0, 0x000001a2b6170c68]
Event: 1.156 Thread 0x000001a2c2826270 1067       3       java.lang.StringBuilder::<init> (6 bytes)
Event: 1.156 Thread 0x000001a2c2826270 nmethod 1067 0x000001a2ae7ec690 code [0x000001a2ae7ec840, 0x000001a2ae7ec980]
Event: 1.156 Thread 0x000001a2c2826270 1065       3       java.util.Map$Entry$$Lambda/0x000001a2c4117a98::compare (12 bytes)
Event: 1.156 Thread 0x000001a2c2826270 nmethod 1065 0x000001a2ae7eca10 code [0x000001a2ae7ecc20, 0x000001a2ae7ed328]
Event: 1.156 Thread 0x000001a2c2826270 1066       3       java.util.Map$Entry::lambda$comparingByKey$bbdbfea9$1 (21 bytes)
Event: 1.157 Thread 0x000001a2c2826270 nmethod 1066 0x000001a2ae7ed510 code [0x000001a2ae7ed700, 0x000001a2ae7edb78]
Event: 1.158 Thread 0x000001a2c2826270 1068       3       java.awt.Component::getParent (5 bytes)
Event: 1.158 Thread 0x000001a2c2826270 nmethod 1068 0x000001a2ae7edd10 code [0x000001a2ae7edea0, 0x000001a2ae7edfc8]
Event: 1.158 Thread 0x000001a2c2826270 1069       3       java.util.ArrayList::grow (60 bytes)
Event: 1.159 Thread 0x000001a2c2826270 nmethod 1069 0x000001a2ae7ee090 code [0x000001a2ae7ee2a0, 0x000001a2ae7ee8f8]
Event: 1.159 Thread 0x000001a2c2826270 1071       3       java.lang.Class::getInterfaces (49 bytes)
Event: 1.159 Thread 0x000001a2c2826270 nmethod 1071 0x000001a2ae7eeb10 code [0x000001a2ae7eed20, 0x000001a2ae7ef228]
Event: 1.159 Thread 0x000001a2c2826270 1070       3       java.util.ArrayList$ListItr::hasPrevious (13 bytes)
Event: 1.159 Thread 0x000001a2c2826270 nmethod 1070 0x000001a2ae7ef390 code [0x000001a2ae7ef520, 0x000001a2ae7ef690]

GC Heap History (0 events):
No events

Dll operation events (15 events):
Event: 0.015 Loaded shared library C:\Program Files\Java\jdk-21\bin\java.dll
Event: 0.069 Loaded shared library C:\Program Files\Java\jdk-21\bin\jsvml.dll
Event: 0.145 Loaded shared library C:\Program Files\Java\jdk-21\bin\zip.dll
Event: 0.153 Loaded shared library C:\Program Files\Java\jdk-21\bin\instrument.dll
Event: 0.164 Loaded shared library C:\Program Files\Java\jdk-21\bin\net.dll
Event: 0.167 Loaded shared library C:\Program Files\Java\jdk-21\bin\nio.dll
Event: 0.175 Loaded shared library C:\Program Files\Java\jdk-21\bin\zip.dll
Event: 0.195 Loaded shared library C:\Program Files\JetBrains\IntelliJ IDEA Community Edition 2023.2.4\bin\breakgen64.dll
Event: 0.211 Loaded shared library C:\Program Files\Java\jdk-21\bin\extnet.dll
Event: 0.235 Loaded shared library C:\Program Files\Java\jdk-21\bin\jimage.dll
Event: 0.249 Loaded shared library C:\Program Files\Java\jdk-21\bin\awt.dll
Event: 0.743 Loaded shared library C:\Program Files\Java\jdk-21\bin\javajpeg.dll
Event: 0.763 Loaded shared library C:\Program Files\Java\jdk-21\bin\lcms.dll
Event: 0.917 Loaded shared library C:\Program Files\Java\jdk-21\bin\freetype.dll
Event: 0.921 Loaded shared library C:\Program Files\Java\jdk-21\bin\fontmanager.dll

Deoptimization events (20 events):
Event: 0.863 Thread 0x000001a2a61ed840 Uncommon trap: trap_request=0xffffff45 fr.pc=0x000001a2b6157b80 relative=0x0000000000000740
Event: 0.863 Thread 0x000001a2a61ed840 Uncommon trap: reason=unstable_if action=reinterpret pc=0x000001a2b6157b80 method=java.util.regex.Matcher.search(I)Z @ 30 c2
Event: 0.863 Thread 0x000001a2a61ed840 DEOPT PACKING pc=0x000001a2b6157b80 sp=0x00000001006fe7a0
Event: 0.863 Thread 0x000001a2a61ed840 DEOPT UNPACKING pc=0x000001a2b5bd46a2 sp=0x00000001006fe780 mode 2
Event: 0.897 Thread 0x000001a2a61ed840 Uncommon trap: trap_request=0xffffff45 fr.pc=0x000001a2b615edf0 relative=0x00000000000007b0
Event: 0.897 Thread 0x000001a2a61ed840 Uncommon trap: reason=unstable_if action=reinterpret pc=0x000001a2b615edf0 method=java.util.regex.Pattern$BmpCharPropertyGreedy.match(Ljava/util/regex/Matcher;ILjava/lang/CharSequence;)Z @ 12 c2
Event: 0.897 Thread 0x000001a2a61ed840 DEOPT PACKING pc=0x000001a2b615edf0 sp=0x00000001006fe7b0
Event: 0.897 Thread 0x000001a2a61ed840 DEOPT UNPACKING pc=0x000001a2b5bd46a2 sp=0x00000001006fe688 mode 2
Event: 0.914 Thread 0x000001a2a61ed840 DEOPT PACKING pc=0x000001a2ae67ea99 sp=0x00000001006fc5b0
Event: 0.914 Thread 0x000001a2a61ed840 DEOPT UNPACKING pc=0x000001a2b5bd4e42 sp=0x00000001006fb9d0 mode 0
Event: 0.998 Thread 0x000001a2a61ed840 Uncommon trap: trap_request=0xffffffde fr.pc=0x000001a2b6161bc4 relative=0x00000000000002e4
Event: 0.998 Thread 0x000001a2a61ed840 Uncommon trap: reason=class_check action=maybe_recompile pc=0x000001a2b6161bc4 method=java.util.HashMap.getNode(Ljava/lang/Object;)Ljava/util/HashMap$Node; @ 128 c2
Event: 0.998 Thread 0x000001a2a61ed840 DEOPT PACKING pc=0x000001a2b6161bc4 sp=0x00000001006fed50
Event: 0.998 Thread 0x000001a2a61ed840 DEOPT UNPACKING pc=0x000001a2b5bd46a2 sp=0x00000001006fecb8 mode 2
Event: 1.071 Thread 0x000001a2a61ed840 DEOPT PACKING pc=0x000001a2ae679961 sp=0x00000001006fcc40
Event: 1.071 Thread 0x000001a2a61ed840 DEOPT UNPACKING pc=0x000001a2b5bd4e42 sp=0x00000001006fc0a8 mode 0
Event: 1.122 Thread 0x000001a2c281f820 Uncommon trap: trap_request=0xffffff45 fr.pc=0x000001a2b615619c relative=0x000000000000013c
Event: 1.122 Thread 0x000001a2c281f820 Uncommon trap: reason=unstable_if action=reinterpret pc=0x000001a2b615619c method=java.util.regex.Pattern$BmpCharPropertyGreedy.match(Ljava/util/regex/Matcher;ILjava/lang/CharSequence;)Z @ 12 c2
Event: 1.122 Thread 0x000001a2c281f820 DEOPT PACKING pc=0x000001a2b615619c sp=0x00000001011fe670
Event: 1.122 Thread 0x000001a2c281f820 DEOPT UNPACKING pc=0x000001a2b5bd46a2 sp=0x00000001011fe608 mode 2

Classes loaded (20 events):
Event: 1.156 Loading class sun/awt/WeakIdentityHashMap$WeakKey
Event: 1.156 Loading class sun/awt/WeakIdentityHashMap$WeakKey done
Event: 1.157 Loading class java/util/ArrayList$ListItr
Event: 1.157 Loading class java/util/ArrayList$ListItr done
Event: 1.159 Loading class javax/swing/TimerQueue
Event: 1.159 Loading class java/awt/event/FocusEvent$Cause
Event: 1.159 Loading class java/awt/event/FocusEvent$Cause done
Event: 1.159 Loading class javax/swing/TimerQueue done
Event: 1.159 Loading class sun/awt/KeyboardFocusManagerPeerImpl$KfmAccessor
Event: 1.159 Loading class sun/awt/KeyboardFocusManagerPeerImpl$KfmAccessor done
Event: 1.159 Loading class java/util/concurrent/DelayQueue
Event: 1.159 Loading class java/util/concurrent/BlockingQueue
Event: 1.159 Loading class java/util/concurrent/BlockingQueue done
Event: 1.159 Loading class java/awt/KeyboardFocusManager$HeavyweightFocusRequest
Event: 1.159 Loading class java/util/concurrent/DelayQueue done
Event: 1.159 Loading class java/util/PriorityQueue
Event: 1.159 Loading class java/awt/KeyboardFocusManager$HeavyweightFocusRequest done
Event: 1.160 Loading class java/awt/DefaultKeyboardFocusManager$TypeAheadMarker
Event: 1.160 Loading class java/awt/DefaultKeyboardFocusManager$TypeAheadMarker done
Event: 1.160 Loading class java/awt/KeyboardFocusManager$LightweightFocusRequest

Classes unloaded (0 events):
No events

Classes redefined (0 events):
No events

Internal exceptions (17 events):
Event: 0.177 Thread 0x000001a2a61ed840 Exception <a 'java/lang/NoSuchMethodError'{0x0000000092b37b28}: 'void java.lang.invoke.DirectMethodHandle$Holder.invokeStatic(java.lang.Object, java.lang.Object, java.lang.Object)'> (0x0000000092b37b28) 
thrown [s\open\src\hotspot\share\interpreter\linkResolver.cpp, line 773]
Event: 0.187 Thread 0x000001a2a61ed840 Exception <a 'java/lang/NoSuchMethodError'{0x0000000092b4f030}: 'java.lang.Object java.lang.invoke.Invokers$Holder.invokeExact_MT(java.lang.Object, java.lang.Object, java.lang.Object, java.lang.Object, java.lang.Object)'> (0x0000000092b4f030) 
thrown [s\open\src\hotspot\share\interpreter\linkResolver.cpp, line 773]
Event: 0.214 Thread 0x000001a2c2bf0a40 Exception <a 'java/lang/NoSuchMethodError'{0x0000000092b7e910}: 'void java.lang.invoke.DirectMethodHandle$Holder.invokeStatic(java.lang.Object, java.lang.Object)'> (0x0000000092b7e910) 
thrown [s\open\src\hotspot\share\interpreter\linkResolver.cpp, line 773]
Event: 0.218 Thread 0x000001a2a61ed840 Exception <a 'java/lang/ClassNotFoundException'{0x0000000092b662b0}: sun/awt/resources/spi/awtProvider> (0x0000000092b662b0) 
thrown [s\open\src\hotspot\share\classfile\systemDictionary.cpp, line 312]
Event: 0.278 Thread 0x000001a2a61ed840 Exception <a 'java/io/FileNotFoundException'{0x0000000092a30c00}> (0x0000000092a30c00) 
thrown [s\open\src\hotspot\share\prims\jni.cpp, line 520]
Event: 0.287 Thread 0x000001a2a61ed840 Exception <a 'java/io/FileNotFoundException'{0x0000000092a5a968}> (0x0000000092a5a968) 
thrown [s\open\src\hotspot\share\prims\jni.cpp, line 520]
Event: 0.548 Thread 0x000001a2a61ed840 Exception <a 'java/lang/NoSuchMethodError'{0x00000000929fe2c0}: 'void java.lang.invoke.DirectMethodHandle$Holder.invokeSpecial(java.lang.Object, java.lang.Object, java.lang.Object)'> (0x00000000929fe2c0) 
thrown [s\open\src\hotspot\share\interpreter\linkResolver.cpp, line 773]
Event: 0.564 Thread 0x000001a2a61ed840 Exception <a 'java/lang/NoSuchMethodError'{0x0000000092823d40}: 'java.lang.Object java.lang.invoke.DirectMethodHandle$Holder.newInvokeSpecial(java.lang.Object, java.lang.Object, java.lang.Object, java.lang.Object, java.lang.Object)'> (0x0000000092823d40) 
thrown [s\open\src\hotspot\share\interpreter\linkResolver.cpp, line 773]
Event: 0.576 Thread 0x000001a2a61ed840 Exception <a 'java/lang/NoSuchMethodError'{0x000000009284f6c8}: 'java.lang.Object java.lang.invoke.DirectMethodHandle$Holder.invokeStatic(java.lang.Object, int, java.lang.Object)'> (0x000000009284f6c8) 
thrown [s\open\src\hotspot\share\interpreter\linkResolver.cpp, line 773]
Event: 0.627 Thread 0x000001a2a61ed840 Exception <a 'java/lang/ClassNotFoundException'{0x00000000928ef0d0}: com/sun/swing/internal/plaf/metal/resources/spi/metalProvider> (0x00000000928ef0d0) 
thrown [s\open\src\hotspot\share\classfile\systemDictionary.cpp, line 312]
Event: 0.630 Thread 0x000001a2a61ed840 Exception <a 'java/lang/ClassNotFoundException'{0x00000000928f3030}: com/sun/swing/internal/plaf/basic/resources/spi/basicProvider> (0x00000000928f3030) 
thrown [s\open\src\hotspot\share\classfile\systemDictionary.cpp, line 312]
Event: 0.643 Thread 0x000001a2a61ed840 Exception <a 'java/lang/NoSuchMethodError'{0x000000009270f580}: 'int java.lang.invoke.Invokers$Holder.invokeExact_MT(java.lang.Object, java.lang.Object)'> (0x000000009270f580) 
thrown [s\open\src\hotspot\share\interpreter\linkResolver.cpp, line 773]
Event: 0.699 Thread 0x000001a2a61ed840 Exception <a 'java/lang/NoSuchMethodError'{0x000000009276d288}: 'java.lang.Object java.lang.invoke.DirectMethodHandle$Holder.invokeStaticInit(java.lang.Object, int, int, int, int)'> (0x000000009276d288) 
thrown [s\open\src\hotspot\share\interpreter\linkResolver.cpp, line 773]
Event: 0.728 Thread 0x000001a2a61ed840 Exception <a 'java/lang/NoSuchMethodError'{0x00000000927d8710}: 'java.lang.Object java.lang.invoke.DirectMethodHandle$Holder.invokeStaticInit(java.lang.Object, java.lang.Object, int, int, int, int)'> (0x00000000927d8710) 
thrown [s\open\src\hotspot\share\interpreter\linkResolver.cpp, line 773]
Event: 1.040 Thread 0x000001a2c2cd2db0 Exception <a 'java/lang/NoSuchMethodError'{0x0000000092984860}: 'void java.lang.invoke.DirectMethodHandle$Holder.invokeVirtual(java.lang.Object, java.lang.Object)'> (0x0000000092984860) 
thrown [s\open\src\hotspot\share\interpreter\linkResolver.cpp, line 773]
Event: 1.063 Thread 0x000001a2a61ed840 Exception <a 'java/lang/NoSuchMethodError'{0x000000009244c5f8}: 'void java.lang.invoke.DirectMethodHandle$Holder.invokeStaticInit(java.lang.Object)'> (0x000000009244c5f8) 
thrown [s\open\src\hotspot\share\interpreter\linkResolver.cpp, line 773]
Event: 1.145 Thread 0x000001a2c281f820 Exception <a 'java/lang/NoSuchMethodError'{0x0000000092250d20}: 'java.lang.Object java.lang.invoke.Invokers$Holder.invokeExact_MT(java.lang.Object, java.lang.Object, java.lang.Object, java.lang.Object, java.lang.Object, java.lang.Object)'> (0x0000000092250d20) 
thrown [s\open\src\hotspot\share\interpreter\linkResolver.cpp, line 773]

ZGC Phase Switch (0 events):
No events

VM Operations (14 events):
Event: 0.126 Executing VM operation: HandshakeAllThreads (Deoptimize)
Event: 0.126 Executing VM operation: HandshakeAllThreads (Deoptimize) done
Event: 0.335 Executing VM operation: HandshakeAllThreads (Deoptimize)
Event: 0.335 Executing VM operation: HandshakeAllThreads (Deoptimize) done
Event: 0.646 Executing VM operation: HandshakeAllThreads (Deoptimize)
Event: 0.646 Executing VM operation: HandshakeAllThreads (Deoptimize) done
Event: 0.801 Executing VM operation: HandshakeAllThreads (Deoptimize)
Event: 0.801 Executing VM operation: HandshakeAllThreads (Deoptimize) done
Event: 0.963 Executing VM operation: HandshakeAllThreads (Deoptimize)
Event: 0.963 Executing VM operation: HandshakeAllThreads (Deoptimize) done
Event: 1.157 Executing VM operation: HandshakeAllThreads (Deoptimize)
Event: 1.157 Executing VM operation: HandshakeAllThreads (Deoptimize) done
Event: 1.157 Executing VM operation: Cleanup
Event: 1.158 Executing VM operation: Cleanup done

Events (17 events):
Event: 0.036 Thread 0x000001a2a61ed840 Thread added: 0x000001a2a61ed840
Event: 0.065 Thread 0x000001a2c2819560 Thread added: 0x000001a2c2819560
Event: 0.065 Thread 0x000001a2c281dfd0 Thread added: 0x000001a2c281dfd0
Event: 0.065 Thread 0x000001a2c281ec90 Thread added: 0x000001a2c281ec90
Event: 0.065 Thread 0x000001a2c281f820 Thread added: 0x000001a2c281f820
Event: 0.065 Thread 0x000001a2c2820280 Thread added: 0x000001a2c2820280
Event: 0.065 Thread 0x000001a2c2820ce0 Thread added: 0x000001a2c2820ce0
Event: 0.066 Thread 0x000001a2c2823a80 Thread added: 0x000001a2c2823a80
Event: 0.066 Thread 0x000001a2c2826270 Thread added: 0x000001a2c2826270
Event: 0.109 Thread 0x000001a2c2a72cd0 Thread added: 0x000001a2c2a72cd0
Event: 0.197 Thread 0x000001a2c2bf0a40 Thread added: 0x000001a2c2bf0a40
Event: 0.197 Thread 0x000001a2c2c2baf0 Thread added: 0x000001a2c2c2baf0
Event: 0.408 Thread 0x000001a2c2cc4c70 Thread added: 0x000001a2c2cc4c70
Event: 0.410 Thread 0x000001a2c2cca3d0 Thread added: 0x000001a2c2cca3d0
Event: 0.412 Thread 0x000001a2c2cd2db0 Thread added: 0x000001a2c2cd2db0
Event: 0.984 Thread 0x000001a3083dccb0 Thread added: 0x000001a3083dccb0
Event: 1.131 Thread 0x000001a3084c1190 Thread added: 0x000001a3084c1190


Dynamic libraries:
0x00007ff7fc420000 - 0x00007ff7fc430000 	C:\Program Files\Java\jdk-21\bin\java.exe
0x00007ff88b890000 - 0x00007ff88baa7000 	C:\Windows\SYSTEM32\ntdll.dll
0x00007ff889d70000 - 0x00007ff889e34000 	C:\Windows\System32\KERNEL32.DLL
0x00007ff889230000 - 0x00007ff8895d5000 	C:\Windows\System32\KERNELBASE.dll
0x00007ff888d70000 - 0x00007ff888e81000 	C:\Windows\System32\ucrtbase.dll
0x00007ff883ce0000 - 0x00007ff883cfb000 	C:\Program Files\Java\jdk-21\bin\VCRUNTIME140.dll
0x00007ff873290000 - 0x00007ff8732a9000 	C:\Program Files\Java\jdk-21\bin\jli.dll
0x00007ff88a890000 - 0x00007ff88a941000 	C:\Windows\System32\ADVAPI32.dll
0x00007ff88b7a0000 - 0x00007ff88b847000 	C:\Windows\System32\msvcrt.dll
0x00007ff88afa0000 - 0x00007ff88b046000 	C:\Windows\System32\sechost.dll
0x00007ff88b680000 - 0x00007ff88b797000 	C:\Windows\System32\RPCRT4.dll
0x00007ff88adf0000 - 0x00007ff88af9e000 	C:\Windows\System32\USER32.dll
0x00007ff888fb0000 - 0x00007ff888fd6000 	C:\Windows\System32\win32u.dll
0x00007ff873b70000 - 0x00007ff873e03000 	C:\Windows\WinSxS\amd64_microsoft.windows.common-controls_6595b64144ccf1df_6.0.22621.2506_none_270c5ae97388e100\COMCTL32.dll
0x00007ff889660000 - 0x00007ff889689000 	C:\Windows\System32\GDI32.dll
0x00007ff888e90000 - 0x00007ff888fa9000 	C:\Windows\System32\gdi32full.dll
0x00007ff889050000 - 0x00007ff8890ea000 	C:\Windows\System32\msvcp_win.dll
0x00007ff87ed50000 - 0x00007ff87ed5a000 	C:\Windows\SYSTEM32\VERSION.dll
0x00007ff88b640000 - 0x00007ff88b671000 	C:\Windows\System32\IMM32.DLL
0x00007ff8751e0000 - 0x00007ff8751ec000 	C:\Program Files\Java\jdk-21\bin\vcruntime140_1.dll
0x00007ff86d6e0000 - 0x00007ff86d76e000 	C:\Program Files\Java\jdk-21\bin\msvcp140.dll
0x00007ff816f70000 - 0x00007ff817c85000 	C:\Program Files\Java\jdk-21\bin\server\jvm.dll
0x00007ff8895e0000 - 0x00007ff889651000 	C:\Windows\System32\WS2_32.dll
0x00007ff887a20000 - 0x00007ff887a6d000 	C:\Windows\SYSTEM32\POWRPROF.dll
0x00007ff880420000 - 0x00007ff880454000 	C:\Windows\SYSTEM32\WINMM.dll
0x00007ff887a00000 - 0x00007ff887a13000 	C:\Windows\SYSTEM32\UMPDC.dll
0x00007ff887cd0000 - 0x00007ff887ce8000 	C:\Windows\SYSTEM32\kernel.appcore.dll
0x00007ff875150000 - 0x00007ff87515a000 	C:\Program Files\Java\jdk-21\bin\jimage.dll
0x00007ff885d30000 - 0x00007ff885f63000 	C:\Windows\SYSTEM32\DBGHELP.DLL
0x00007ff88b1d0000 - 0x00007ff88b559000 	C:\Windows\System32\combase.dll
0x00007ff88b560000 - 0x00007ff88b637000 	C:\Windows\System32\OLEAUT32.dll
0x00007ff86c2e0000 - 0x00007ff86c312000 	C:\Windows\SYSTEM32\dbgcore.DLL
0x00007ff8890f0000 - 0x00007ff88916a000 	C:\Windows\System32\bcryptPrimitives.dll
0x00007ff874c00000 - 0x00007ff874c0f000 	C:\Program Files\Java\jdk-21\bin\instrument.dll
0x00007ff872f00000 - 0x00007ff872f1f000 	C:\Program Files\Java\jdk-21\bin\java.dll
0x00007ff889e40000 - 0x00007ff88a699000 	C:\Windows\System32\SHELL32.dll
0x00007ff886ae0000 - 0x00007ff8873d4000 	C:\Windows\SYSTEM32\windows.storage.dll
0x00007ff8869a0000 - 0x00007ff886ade000 	C:\Windows\SYSTEM32\wintypes.dll
0x00007ff8897e0000 - 0x00007ff8898d3000 	C:\Windows\System32\SHCORE.dll
0x00007ff88a820000 - 0x00007ff88a87e000 	C:\Windows\System32\shlwapi.dll
0x00007ff888b30000 - 0x00007ff888b56000 	C:\Windows\SYSTEM32\profapi.dll
0x00007ff85a9b0000 - 0x00007ff85aa87000 	C:\Program Files\Java\jdk-21\bin\jsvml.dll
0x00007ff86e700000 - 0x00007ff86e718000 	C:\Program Files\Java\jdk-21\bin\zip.dll
0x00007ff873370000 - 0x00007ff873380000 	C:\Program Files\Java\jdk-21\bin\net.dll
0x00007ff882590000 - 0x00007ff8826c7000 	C:\Windows\SYSTEM32\WINHTTP.dll
0x00007ff888170000 - 0x00007ff8881d9000 	C:\Windows\system32\mswsock.dll
0x00007ff86e6e0000 - 0x00007ff86e6f6000 	C:\Program Files\Java\jdk-21\bin\nio.dll
0x00007ff86e610000 - 0x00007ff86e62a000 	C:\Program Files\JetBrains\IntelliJ IDEA Community Edition 2023.2.4\bin\breakgen64.dll
0x00007ff873260000 - 0x00007ff873267000 	C:\Program Files\Java\jdk-21\bin\extnet.dll
0x00007ff85a820000 - 0x00007ff85a9af000 	C:\Program Files\Java\jdk-21\bin\awt.dll
0x00007ff885be0000 - 0x00007ff885c77000 	C:\Windows\SYSTEM32\apphelp.dll
0x00007ff886280000 - 0x00007ff8862ab000 	C:\Windows\system32\DWMAPI.DLL
0x00007ff886000000 - 0x00007ff8860ab000 	C:\Windows\system32\uxtheme.dll
0x00007ff832ca0000 - 0x00007ff832da0000 	C:\Windows\system32\opengl32.dll
0x00007ff832a30000 - 0x00007ff832a5d000 	C:\Windows\SYSTEM32\GLU32.dll
0x00007ff8862f0000 - 0x00007ff886326000 	C:\Windows\SYSTEM32\dxcore.dll
0x00007ff88b080000 - 0x00007ff88b1cf000 	C:\Windows\System32\MSCTF.dll
0x00007ff8898e0000 - 0x00007ff889a80000 	C:\Windows\System32\ole32.dll
0x00007ff83b880000 - 0x00007ff83ba29000 	C:\Windows\system32\d3d9.dll
0x00007ff87ed60000 - 0x00007ff87ef1b000 	C:\Windows\System32\DriverStore\FileRepository\u0385419.inf_amd64_47359cff9fbb81e0\B385286\aticfx64.dll
0x00007ff811640000 - 0x00007ff81340f000 	C:\Windows\System32\DriverStore\FileRepository\u0385419.inf_amd64_47359cff9fbb81e0\B385286\amdxn64.dll
0x00007ff88a970000 - 0x00007ff88ade4000 	C:\Windows\System32\SETUPAPI.dll
0x00007ff886170000 - 0x00007ff886268000 	C:\Windows\SYSTEM32\dxgi.dll
0x00007ff87ccc0000 - 0x00007ff87ccf5000 	C:\Windows\SYSTEM32\amdihk64.dll
0x00007ff8826d0000 - 0x00007ff88271a000 	C:\Windows\SYSTEM32\directxdatabasehelper.dll
0x00007ff8883d0000 - 0x00007ff8883eb000 	C:\Windows\SYSTEM32\CRYPTSP.dll
0x00007ff887c30000 - 0x00007ff887c65000 	C:\Windows\system32\rsaenh.dll
0x00007ff888260000 - 0x00007ff88828c000 	C:\Windows\SYSTEM32\USERENV.dll
0x00007ff8885b0000 - 0x00007ff8885d8000 	C:\Windows\SYSTEM32\bcrypt.dll
0x00007ff8883c0000 - 0x00007ff8883cc000 	C:\Windows\SYSTEM32\CRYPTBASE.dll
0x00007ff8876a0000 - 0x00007ff8876cd000 	C:\Windows\SYSTEM32\IPHLPAPI.DLL
0x00007ff889b30000 - 0x00007ff889b39000 	C:\Windows\System32\NSI.dll
0x00007ff86d6b0000 - 0x00007ff86d6de000 	C:\Program Files\Java\jdk-21\bin\javajpeg.dll
0x00007ff86d670000 - 0x00007ff86d6b0000 	C:\Program Files\Java\jdk-21\bin\lcms.dll
0x00007ff85a790000 - 0x00007ff85a817000 	C:\Program Files\Java\jdk-21\bin\freetype.dll
0x00007ff85a6b0000 - 0x00007ff85a783000 	C:\Program Files\Java\jdk-21\bin\fontmanager.dll
0x00007ff889a80000 - 0x00007ff889b30000 	C:\Windows\System32\clbcatq.dll
0x00007ff884050000 - 0x00007ff884200000 	C:\Windows\SYSTEM32\WindowsCodecs.dll
0x00007ff866690000 - 0x00007ff8666ee000 	C:\Windows\system32\dataexchange.dll
0x00007ff87fde0000 - 0x00007ff880065000 	C:\Windows\system32\twinapi.appcore.dll
0x00007ff877de0000 - 0x00007ff877f2a000 	C:\Windows\SYSTEM32\textinputframework.dll

dbghelp: loaded successfully - version: 4.0.5 - missing functions: none
symbol engine: initialized successfully - sym options: 0x614 - pdb path: .;C:\Program Files\Java\jdk-21\bin;C:\Windows\SYSTEM32;C:\Windows\WinSxS\amd64_microsoft.windows.common-controls_6595b64144ccf1df_6.0.22621.2506_none_270c5ae97388e100;C:\Program Files\Java\jdk-21\bin\server;C:\Program Files\JetBrains\IntelliJ IDEA Community Edition 2023.2.4\bin;C:\Windows\System32\DriverStore\FileRepository\u0385419.inf_amd64_47359cff9fbb81e0\B385286

VM Arguments:
jvm_args: -javaagent:C:\Program Files\JetBrains\IntelliJ IDEA Community Edition 2023.2.4\lib\idea_rt.jar=59034:C:\Program Files\JetBrains\IntelliJ IDEA Community Edition 2023.2.4\bin -Dfile.encoding=UTF-8 -Dsun.stdout.encoding=UTF-8 -Dsun.stderr.encoding=UTF-8 
java_command: CarController
java_class_path (initial): C:\Users\leocl\programering pro\leocljava\lab1.4\Lab4\out\production\Lab4
Launcher Type: SUN_STANDARD

[Global flags]
     intx CICompilerCount                          = 4                                         {product} {ergonomic}
     uint ConcGCThreads                            = 2                                         {product} {ergonomic}
     uint G1ConcRefinementThreads                  = 8                                         {product} {ergonomic}
   size_t G1HeapRegionSize                         = 1048576                                   {product} {ergonomic}
    uintx GCDrainStackTargetSize                   = 64                                        {product} {ergonomic}
   size_t InitialHeapSize                          = 123731968                                 {product} {ergonomic}
   size_t MarkStackSize                            = 4194304                                   {product} {ergonomic}
   size_t MaxHeapSize                              = 1954545664                                {product} {ergonomic}
   size_t MaxNewSize                               = 1172307968                                {product} {ergonomic}
   size_t MinHeapDeltaBytes                        = 1048576                                   {product} {ergonomic}
   size_t MinHeapSize                              = 8388608                                   {product} {ergonomic}
    uintx NonNMethodCodeHeapSize                   = 5839372                                {pd product} {ergonomic}
    uintx NonProfiledCodeHeapSize                  = 122909434                              {pd product} {ergonomic}
    uintx ProfiledCodeHeapSize                     = 122909434                              {pd product} {ergonomic}
    uintx ReservedCodeCacheSize                    = 251658240                              {pd product} {ergonomic}
     bool SegmentedCodeCache                       = true                                      {product} {ergonomic}
   size_t SoftMaxHeapSize                          = 1954545664                             {manageable} {ergonomic}
     bool UseCompressedOops                        = true                           {product lp64_product} {ergonomic}
     bool UseG1GC                                  = true                                      {product} {ergonomic}
     bool UseLargePagesIndividualAllocation        = false                                  {pd product} {ergonomic}

Logging:
Log output configuration:
 #0: stdout all=warning uptime,level,tags foldmultilines=false
 #1: stderr all=off uptime,level,tags foldmultilines=false

Environment Variables:
PATH=C:\Program Files\Common Files\Oracle\Java\javapath;C:\Windows\system32;C:\Windows;C:\Windows\System32\Wbem;C:\Windows\System32\WindowsPowerShell\v1.0\;C:\Windows\System32\OpenSSH\;C:\Program Files\Git\cmd;C:\Users\leocl\AppData\Local\Microsoft\WindowsApps;C:\Program Files\JetBrains\PyCharm Community Edition 2023.2\bin;;C:\Users\leocl\AppData\Local\Programs\Microsoft VS Code\bin;C:\Users\leocl\AppData\Local\GitHubDesktop\bin
USERNAME=leocl
OS=Windows_NT
PROCESSOR_IDENTIFIER=AMD64 Family 23 Model 160 Stepping 0, AuthenticAMD
TMP=C:\Users\leocl\AppData\Local\Temp
TEMP=C:\Users\leocl\AppData\Local\Temp




Periodic native trim disabled

---------------  S Y S T E M  ---------------

OS:
 Windows 11 , 64 bit Build 22621 (10.0.22621.2506)
OS uptime: 1 days 22:43 hours
Hyper-V role detected

CPU: total 8 (initial active 8) (8 cores per cpu, 2 threads per core) family 23 model 160 stepping 0 microcode 0x0, cx8, cmov, fxsr, ht, mmx, 3dnowpref, sse, sse2, sse3, ssse3, sse4a, sse4.1, sse4.2, popcnt, lzcnt, tsc, tscinvbit, avx, avx2, aes, clmul, bmi1, bmi2, adx, sha, fma, vzeroupper, clflush, clflushopt, hv, rdtscp, rdpid, f16c
Processor Information for all 8 processors :
  Max Mhz: 2401, Current Mhz: 2401, Mhz Limit: 2401

Memory: 4k page, system-wide physical 7455M (411M free)
TotalPageFile size 22551M (AvailPageFile size 1M)
current process WorkingSet (physical memory assigned to process): 75M, peak: 75M
current process commit charge ("private bytes"): 217M, peak: 228M

vm_info: Java HotSpot(TM) 64-Bit Server VM (21.0.1+12-LTS-29) for windows-amd64 JRE (21.0.1+12-LTS-29), built on 2023-10-05T13:27:09Z by "mach5one" with MS VC++ 17.1 (VS2022)

END.
